# JRE version: OpenJDK Runtime Environment (8.0_152-b01) (build 1.8.0_152-release-915-b01)
# Java VM: OpenJDK 64-Bit Server VM (25.152-b01 mixed mode linux-amd64 compressed oops)
Heap:
 PSYoungGen      total 152064K, used 17391K [0x00000000e0000000, 0x00000000eb880000, 0x0000000100000000)
  eden space 134656K, 0% used [0x00000000e0000000,0x00000000e0000000,0x00000000e8380000)
  from space 17408K, 99% used [0x00000000ea780000,0x00000000eb87bd78,0x00000000eb880000)
  to   space 14336K, 0% used [0x00000000e8380000,0x00000000e8380000,0x00000000e9180000)
 ParOldGen       total 84480K, used 76428K [0x00000000a0000000, 0x00000000a5280000, 0x00000000e0000000)
  object space 84480K, 90% used [0x00000000a0000000,0x00000000a4aa31a0,0x00000000a5280000)
 Metaspace       used 64157K, capacity 66150K, committed 66520K, reserved 1107968K
  class space    used 8396K, capacity 8850K, committed 8960K, reserved 1048576K
GC Heap History (10 events):
Event: 20,640 GC heap after
Heap after GC invocations=16 (full 2):
 PSYoungGen      total 118272K, used 8556K [0x00000000e0000000, 0x00000000e7e80000, 0x0000000100000000)
  eden space 109056K, 0% used [0x00000000e0000000,0x00000000e0000000,0x00000000e6a80000)
  from space 9216K, 92% used [0x00000000e7500000,0x00000000e7d5b1b0,0x00000000e7e00000)
  to   space 10240K, 0% used [0x00000000e6a80000,0x00000000e6a80000,0x00000000e7480000)
 ParOldGen       total 49664K, used 22506K [0x00000000a0000000, 0x00000000a3080000, 0x00000000e0000000)
  object space 49664K, 45% used [0x00000000a0000000,0x00000000a15faa10,0x00000000a3080000)
 Metaspace       used 47436K, capacity 48550K, committed 48728K, reserved 1091584K
  class space    used 6354K, capacity 6668K, committed 6784K, reserved 1048576K
}
Event: 26,201 GC heap before
{Heap before GC invocations=17 (full 2):
 PSYoungGen      total 118272K, used 117612K [0x00000000e0000000, 0x00000000e7e80000, 0x0000000100000000)
  eden space 109056K, 100% used [0x00000000e0000000,0x00000000e6a80000,0x00000000e6a80000)
  from space 9216K, 92% used [0x00000000e7500000,0x00000000e7d5b1b0,0x00000000e7e00000)
  to   space 10240K, 0% used [0x00000000e6a80000,0x00000000e6a80000,0x00000000e7480000)
 ParOldGen       total 49664K, used 22506K [0x00000000a0000000, 0x00000000a3080000, 0x00000000e0000000)
  object space 49664K, 45% used [0x00000000a0000000,0x00000000a15faa10,0x00000000a3080000)
 Metaspace       used 53377K, capacity 54982K, committed 55256K, reserved 1097728K
  class space    used 7228K, capacity 7638K, committed 7680K, reserved 1048576K
Event: 26,228 GC heap after
Heap after GC invocations=17 (full 2):
 PSYoungGen      total 119296K, used 10208K [0x00000000e0000000, 0x00000000ea580000, 0x0000000100000000)
  eden space 109056K, 0% used [0x00000000e0000000,0x00000000e0000000,0x00000000e6a80000)
  from space 10240K, 99% used [0x00000000e6a80000,0x00000000e7478010,0x00000000e7480000)
  to   space 15360K, 0% used [0x00000000e9680000,0x00000000e9680000,0x00000000ea580000)
 ParOldGen       total 49664K, used 32594K [0x00000000a0000000, 0x00000000a3080000, 0x00000000e0000000)
  object space 49664K, 65% used [0x00000000a0000000,0x00000000a1fd4920,0x00000000a3080000)
 Metaspace       used 53377K, capacity 54982K, committed 55256K, reserved 1097728K
  class space    used 7228K, capacity 7638K, committed 7680K, reserved 1048576K
}
Event: 47,656 GC heap before
{Heap before GC invocations=18 (full 2):
 PSYoungGen      total 119296K, used 84788K [0x00000000e0000000, 0x00000000ea580000, 0x0000000100000000)
  eden space 109056K, 68% used [0x00000000e0000000,0x00000000e48d52e0,0x00000000e6a80000)
  from space 10240K, 99% used [0x00000000e6a80000,0x00000000e7478010,0x00000000e7480000)
  to   space 15360K, 0% used [0x00000000e9680000,0x00000000e9680000,0x00000000ea580000)
 ParOldGen       total 49664K, used 32594K [0x00000000a0000000, 0x00000000a3080000, 0x00000000e0000000)
  object space 49664K, 65% used [0x00000000a0000000,0x00000000a1fd4920,0x00000000a3080000)
 Metaspace       used 56983K, capacity 58842K, committed 58968K, reserved 1099776K
  class space    used 7730K, capacity 8208K, committed 8320K, reserved 1048576K
Event: 47,679 GC heap after
Heap after GC invocations=18 (full 2):
 PSYoungGen      total 143872K, used 6573K [0x00000000e0000000, 0x00000000e9f80000, 0x0000000100000000)
  eden space 134656K, 0% used [0x00000000e0000000,0x00000000e0000000,0x00000000e8380000)
  from space 9216K, 71% used [0x00000000e9680000,0x00000000e9ceb6e8,0x00000000e9f80000)
  to   space 14336K, 0% used [0x00000000e8380000,0x00000000e8380000,0x00000000e9180000)
 ParOldGen       total 49664K, used 41623K [0x00000000a0000000, 0x00000000a3080000, 0x00000000e0000000)
  object space 49664K, 83% used [0x00000000a0000000,0x00000000a28a5f80,0x00000000a3080000)
 Metaspace       used 56983K, capacity 58842K, committed 58968K, reserved 1099776K
  class space    used 7730K, capacity 8208K, committed 8320K, reserved 1048576K
}
Event: 47,679 GC heap before
{Heap before GC invocations=19 (full 3):
 PSYoungGen      total 143872K, used 6573K [0x00000000e0000000, 0x00000000e9f80000, 0x0000000100000000)
  eden space 134656K, 0% used [0x00000000e0000000,0x00000000e0000000,0x00000000e8380000)
  from space 9216K, 71% used [0x00000000e9680000,0x00000000e9ceb6e8,0x00000000e9f80000)
  to   space 14336K, 0% used [0x00000000e8380000,0x00000000e8380000,0x00000000e9180000)
 ParOldGen       total 49664K, used 41623K [0x00000000a0000000, 0x00000000a3080000, 0x00000000e0000000)
  object space 49664K, 83% used [0x00000000a0000000,0x00000000a28a5f80,0x00000000a3080000)
 Metaspace       used 56983K, capacity 58842K, committed 58968K, reserved 1099776K
  class space    used 7730K, capacity 8208K, committed 8320K, reserved 1048576K
Event: 47,935 GC heap after
Heap after GC invocations=19 (full 3):
 PSYoungGen      total 143872K, used 0K [0x00000000e0000000, 0x00000000e9f80000, 0x0000000100000000)
  eden space 134656K, 0% used [0x00000000e0000000,0x00000000e0000000,0x00000000e8380000)
  from space 9216K, 0% used [0x00000000e9680000,0x00000000e9680000,0x00000000e9f80000)
  to   space 14336K, 0% used [0x00000000e8380000,0x00000000e8380000,0x00000000e9180000)
 ParOldGen       total 84480K, used 33237K [0x00000000a0000000, 0x00000000a5280000, 0x00000000e0000000)
  object space 84480K, 39% used [0x00000000a0000000,0x00000000a2075680,0x00000000a5280000)
 Metaspace       used 56976K, capacity 58818K, committed 58968K, reserved 1099776K
  class space    used 7728K, capacity 8204K, committed 8320K, reserved 1048576K
}
Event: 62,562 GC heap before
{Heap before GC invocations=20 (full 3):
 PSYoungGen      total 143872K, used 134656K [0x00000000e0000000, 0x00000000e9f80000, 0x0000000100000000)
  eden space 134656K, 100% used [0x00000000e0000000,0x00000000e8380000,0x00000000e8380000)
  from space 9216K, 0% used [0x00000000e9680000,0x00000000e9680000,0x00000000e9f80000)
  to   space 14336K, 0% used [0x00000000e8380000,0x00000000e8380000,0x00000000e9180000)
 ParOldGen       total 84480K, used 33237K [0x00000000a0000000, 0x00000000a5280000, 0x00000000e0000000)
  object space 84480K, 39% used [0x00000000a0000000,0x00000000a2075680,0x00000000a5280000)
 Metaspace       used 63275K, capacity 65204K, committed 65368K, reserved 1105920K
  class space    used 8304K, capacity 8747K, committed 8832K, reserved 1048576K
Event: 62,588 GC heap after
Heap after GC invocations=20 (full 3):
 PSYoungGen      total 148992K, used 14321K [0x00000000e0000000, 0x00000000eb880000, 0x0000000100000000)
  eden space 134656K, 0% used [0x00000000e0000000,0x00000000e0000000,0x00000000e8380000)
  from space 14336K, 99% used [0x00000000e8380000,0x00000000e917c780,0x00000000e9180000)
  to   space 17408K, 0% used [0x00000000ea780000,0x00000000ea780000,0x00000000eb880000)
 ParOldGen       total 84480K, used 35034K [0x00000000a0000000, 0x00000000a5280000, 0x00000000e0000000)
  object space 84480K, 41% used [0x00000000a0000000,0x00000000a2236ad0,0x00000000a5280000)
 Metaspace       used 63275K, capacity 65204K, committed 65368K, reserved 1105920K
  class space    used 8304K, capacity 8747K, committed 8832K, reserved 1048576K
}
Event: 64,119 GC heap before
{Heap before GC invocations=21 (full 3):
 PSYoungGen      total 148992K, used 148977K [0x00000000e0000000, 0x00000000eb880000, 0x0000000100000000)
  eden space 134656K, 100% used [0x00000000e0000000,0x00000000e8380000,0x00000000e8380000)
  from space 14336K, 99% used [0x00000000e8380000,0x00000000e917c780,0x00000000e9180000)
  to   space 17408K, 0% used [0x00000000ea780000,0x00000000ea780000,0x00000000eb880000)
 ParOldGen       total 84480K, used 35034K [0x00000000a0000000, 0x00000000a5280000, 0x00000000e0000000)
  object space 84480K, 41% used [0x00000000a0000000,0x00000000a2236ad0,0x00000000a5280000)
 Metaspace       used 64157K, capacity 66150K, committed 66520K, reserved 1107968K
  class space    used 8396K, capacity 8850K, committed 8960K, reserved 1048576K

